<?xml version="1.0" encoding="UTF-8"?>
<!-- Generated by org.testng.reporters.JUnitReportReporter -->
<testsuite hostname="rupesh" failures="0" tests="1" name="assignments.QuantInstiTest_new" time="44.893" errors="0" timestamp="28 Jul 2020 16:17:14 GMT">
  <testcase classname="assignments.QuantInstiTest_new" name="QuantIntiTest" time="44.893"/>
</testsuite> <!-- assignments.QuantInstiTest_new -->
